[31m2019-08-08 16:55:29.988[0;39m [34mINFO [0;39m -- [32m[main][0;39m [1;35mcom.ekoplat.iot.IotApplication[0;39m : [36mStarting IotApplication v2.1.6.RELEASE on fujiasendeMacBook-Pro.local with PID 44343 (/Users/kiyoumi/IdeaProjects/iot/target/iot.jar started by kiyoumi in /Users/kiyoumi/IdeaProjects/iot/target)
[0;39m[31m2019-08-08 16:55:29.995[0;39m [34mINFO [0;39m -- [32m[main][0;39m [1;35mcom.ekoplat.iot.IotApplication[0;39m : [36mNo active profile set, falling back to default profiles: default
[0;39m[31m2019-08-08 16:55:31.567[0;39m [34mINFO [0;39m -- [32m[main][0;39m [1;35morg.springframework.data.repository.config.RepositoryConfigurationDelegate[0;39m : [36mMultiple Spring Data modules found, entering strict repository configuration mode!
[0;39m[31m2019-08-08 16:55:31.572[0;39m [34mINFO [0;39m -- [32m[main][0;39m [1;35morg.springframework.data.repository.config.RepositoryConfigurationDelegate[0;39m : [36mBootstrapping Spring Data repositories in DEFAULT mode.
[0;39m[31m2019-08-08 16:55:31.875[0;39m [34mINFO [0;39m -- [32m[main][0;39m [1;35morg.springframework.data.repository.config.RepositoryConfigurationDelegate[0;39m : [36mFinished Spring Data repository scanning in 227ms. Found 2 repository interfaces.
[0;39m[31m2019-08-08 16:55:31.914[0;39m [34mINFO [0;39m -- [32m[main][0;39m [1;35morg.springframework.data.repository.config.RepositoryConfigurationDelegate[0;39m : [36mMultiple Spring Data modules found, entering strict repository configuration mode!
[0;39m[31m2019-08-08 16:55:31.923[0;39m [34mINFO [0;39m -- [32m[main][0;39m [1;35morg.springframework.data.repository.config.RepositoryConfigurationDelegate[0;39m : [36mBootstrapping Spring Data repositories in DEFAULT mode.
[0;39m[31m2019-08-08 16:55:31.977[0;39m [34mINFO [0;39m -- [32m[main][0;39m [1;35morg.springframework.data.repository.config.RepositoryConfigurationExtensionSupport[0;39m : [36mSpring Data Redis - Could not safely identify store assignment for repository candidate interface com.ekoplat.iot.repository.PackageRepository.
[0;39m[31m2019-08-08 16:55:31.983[0;39m [34mINFO [0;39m -- [32m[main][0;39m [1;35morg.springframework.data.repository.config.RepositoryConfigurationExtensionSupport[0;39m : [36mSpring Data Redis - Could not safely identify store assignment for repository candidate interface com.ekoplat.iot.repository.GatewayAndLockRepository.
[0;39m[31m2019-08-08 16:55:31.986[0;39m [34mINFO [0;39m -- [32m[main][0;39m [1;35morg.springframework.data.repository.config.RepositoryConfigurationDelegate[0;39m : [36mFinished Spring Data repository scanning in 32ms. Found 0 repository interfaces.
[0;39m[31m2019-08-08 16:55:32.567[0;39m [34mINFO [0;39m -- [32m[main][0;39m [1;35morg.springframework.integration.config.DefaultConfiguringBeanFactoryPostProcessor[0;39m : [36mNo bean named 'errorChannel' has been explicitly defined. Therefore, a default PublishSubscribeChannel will be created.
[0;39m[31m2019-08-08 16:55:32.592[0;39m [34mINFO [0;39m -- [32m[main][0;39m [1;35morg.springframework.integration.config.DefaultConfiguringBeanFactoryPostProcessor[0;39m : [36mNo bean named 'taskScheduler' has been explicitly defined. Therefore, a default ThreadPoolTaskScheduler will be created.
[0;39m[31m2019-08-08 16:55:32.604[0;39m [34mINFO [0;39m -- [32m[main][0;39m [1;35morg.springframework.integration.config.DefaultConfiguringBeanFactoryPostProcessor[0;39m : [36mNo bean named 'integrationHeaderChannelRegistry' has been explicitly defined. Therefore, a default DefaultHeaderChannelRegistry will be created.
[0;39m[31m2019-08-08 16:55:32.855[0;39m [34mINFO [0;39m -- [32m[main][0;39m [1;35morg.springframework.context.support.PostProcessorRegistrationDelegate$BeanPostProcessorChecker[0;39m : [36mBean 'org.springframework.transaction.annotation.ProxyTransactionManagementConfiguration' of type [org.springframework.transaction.annotation.ProxyTransactionManagementConfiguration$$EnhancerBySpringCGLIB$$3afbbe8a] is not eligible for getting processed by all BeanPostProcessors (for example: not eligible for auto-proxying)
[0;39m[31m2019-08-08 16:55:32.972[0;39m [34mINFO [0;39m -- [32m[main][0;39m [1;35morg.springframework.context.support.PostProcessorRegistrationDelegate$BeanPostProcessorChecker[0;39m : [36mBean 'spring.redis-org.springframework.boot.autoconfigure.data.redis.RedisProperties' of type [org.springframework.boot.autoconfigure.data.redis.RedisProperties] is not eligible for getting processed by all BeanPostProcessors (for example: not eligible for auto-proxying)
[0;39m[31m2019-08-08 16:55:32.987[0;39m [34mINFO [0;39m -- [32m[main][0;39m [1;35morg.springframework.context.support.PostProcessorRegistrationDelegate$BeanPostProcessorChecker[0;39m : [36mBean 'org.springframework.boot.autoconfigure.data.redis.JedisConnectionConfiguration' of type [org.springframework.boot.autoconfigure.data.redis.JedisConnectionConfiguration$$EnhancerBySpringCGLIB$$dc37701f] is not eligible for getting processed by all BeanPostProcessors (for example: not eligible for auto-proxying)
[0;39m[31m2019-08-08 16:55:33.162[0;39m [34mINFO [0;39m -- [32m[main][0;39m [1;35morg.springframework.context.support.PostProcessorRegistrationDelegate$BeanPostProcessorChecker[0;39m : [36mBean 'redisConnectionFactory' of type [org.springframework.data.redis.connection.jedis.JedisConnectionFactory] is not eligible for getting processed by all BeanPostProcessors (for example: not eligible for auto-proxying)
[0;39m[31m2019-08-08 16:55:33.165[0;39m [34mINFO [0;39m -- [32m[main][0;39m [1;35morg.springframework.context.support.PostProcessorRegistrationDelegate$BeanPostProcessorChecker[0;39m : [36mBean 'redisConfig' of type [com.ekoplat.iot.config.RedisConfig$$EnhancerBySpringCGLIB$$f741eba3] is not eligible for getting processed by all BeanPostProcessors (for example: not eligible for auto-proxying)
[0;39m[31m2019-08-08 16:55:33.247[0;39m [34mINFO [0;39m -- [32m[main][0;39m [1;35morg.springframework.context.support.PostProcessorRegistrationDelegate$BeanPostProcessorChecker[0;39m : [36mBean 'org.springframework.integration.config.IntegrationManagementConfiguration' of type [org.springframework.integration.config.IntegrationManagementConfiguration$$EnhancerBySpringCGLIB$$a5ed79b9] is not eligible for getting processed by all BeanPostProcessors (for example: not eligible for auto-proxying)
[0;39m[31m2019-08-08 16:55:33.311[0;39m [34mINFO [0;39m -- [32m[main][0;39m [1;35morg.springframework.context.support.PostProcessorRegistrationDelegate$BeanPostProcessorChecker[0;39m : [36mBean 'integrationDisposableAutoCreatedBeans' of type [org.springframework.integration.config.annotation.Disposables] is not eligible for getting processed by all BeanPostProcessors (for example: not eligible for auto-proxying)
[0;39m[31m2019-08-08 16:55:33.449[0;39m [31mWARN [0;39m -- [32m[main][0;39m [1;35morg.springframework.boot.web.servlet.context.AnnotationConfigServletWebServerApplicationContext[0;39m : [36mException encountered during context initialization - cancelling refresh attempt: org.springframework.context.ApplicationContextException: Unable to start web server; nested exception is org.springframework.context.ApplicationContextException: Unable to start ServletWebServerApplicationContext due to missing ServletWebServerFactory bean.
[0;39m[31m2019-08-08 16:55:33.534[0;39m [1;31mERROR[0;39m -- [32m[main][0;39m [1;35morg.springframework.boot.SpringApplication[0;39m : [36mApplication run failed
[0;39morg.springframework.context.ApplicationContextException: Unable to start web server; nested exception is org.springframework.context.ApplicationContextException: Unable to start ServletWebServerApplicationContext due to missing ServletWebServerFactory bean.
	at org.springframework.boot.web.servlet.context.ServletWebServerApplicationContext.onRefresh(ServletWebServerApplicationContext.java:155)
	at org.springframework.context.support.AbstractApplicationContext.refresh(AbstractApplicationContext.java:543)
	at org.springframework.boot.web.servlet.context.ServletWebServerApplicationContext.refresh(ServletWebServerApplicationContext.java:140)
	at org.springframework.boot.SpringApplication.refresh(SpringApplication.java:742)
	at org.springframework.boot.SpringApplication.refreshContext(SpringApplication.java:389)
	at org.springframework.boot.SpringApplication.run(SpringApplication.java:311)
	at org.springframework.boot.SpringApplication.run(SpringApplication.java:1213)
	at org.springframework.boot.SpringApplication.run(SpringApplication.java:1202)
	at com.ekoplat.iot.IotApplication.main(IotApplication.java:39)
	at sun.reflect.NativeMethodAccessorImpl.invoke0(Native Method)
	at sun.reflect.NativeMethodAccessorImpl.invoke(NativeMethodAccessorImpl.java:62)
	at sun.reflect.DelegatingMethodAccessorImpl.invoke(DelegatingMethodAccessorImpl.java:43)
	at java.lang.reflect.Method.invoke(Method.java:498)
	at org.springframework.boot.loader.MainMethodRunner.run(MainMethodRunner.java:47)
	at org.springframework.boot.loader.Launcher.launch(Launcher.java:86)
	at org.springframework.boot.loader.Launcher.launch(Launcher.java:50)
	at org.springframework.boot.loader.JarLauncher.main(JarLauncher.java:51)
Caused by: org.springframework.context.ApplicationContextException: Unable to start ServletWebServerApplicationContext due to missing ServletWebServerFactory bean.
	at org.springframework.boot.web.servlet.context.ServletWebServerApplicationContext.getWebServerFactory(ServletWebServerApplicationContext.java:202)
	at org.springframework.boot.web.servlet.context.ServletWebServerApplicationContext.createWebServer(ServletWebServerApplicationContext.java:178)
	at org.springframework.boot.web.servlet.context.ServletWebServerApplicationContext.onRefresh(ServletWebServerApplicationContext.java:152)
	... 16 common frames omitted
[31m2019-08-08 16:56:29.830[0;39m [34mINFO [0;39m -- [32m[main][0;39m [1;35mcom.ekoplat.iot.IotApplication[0;39m : [36mStarting IotApplication v2.1.6.RELEASE on fujiasendeMacBook-Pro.local with PID 44358 (/Users/kiyoumi/IdeaProjects/iot/target/iot.jar started by kiyoumi in /Users/kiyoumi/IdeaProjects/iot/target)
[0;39m[31m2019-08-08 16:56:29.837[0;39m [34mINFO [0;39m -- [32m[main][0;39m [1;35mcom.ekoplat.iot.IotApplication[0;39m : [36mNo active profile set, falling back to default profiles: default
[0;39m[31m2019-08-08 16:56:32.046[0;39m [34mINFO [0;39m -- [32m[main][0;39m [1;35morg.springframework.data.repository.config.RepositoryConfigurationDelegate[0;39m : [36mMultiple Spring Data modules found, entering strict repository configuration mode!
[0;39m[31m2019-08-08 16:56:32.050[0;39m [34mINFO [0;39m -- [32m[main][0;39m [1;35morg.springframework.data.repository.config.RepositoryConfigurationDelegate[0;39m : [36mBootstrapping Spring Data repositories in DEFAULT mode.
[0;39m[31m2019-08-08 16:56:32.595[0;39m [34mINFO [0;39m -- [32m[main][0;39m [1;35morg.springframework.data.repository.config.RepositoryConfigurationDelegate[0;39m : [36mFinished Spring Data repository scanning in 509ms. Found 2 repository interfaces.
[0;39m[31m2019-08-08 16:56:32.658[0;39m [34mINFO [0;39m -- [32m[main][0;39m [1;35morg.springframework.data.repository.config.RepositoryConfigurationDelegate[0;39m : [36mMultiple Spring Data modules found, entering strict repository configuration mode!
[0;39m[31m2019-08-08 16:56:32.683[0;39m [34mINFO [0;39m -- [32m[main][0;39m [1;35morg.springframework.data.repository.config.RepositoryConfigurationDelegate[0;39m : [36mBootstrapping Spring Data repositories in DEFAULT mode.
[0;39m[31m2019-08-08 16:56:32.729[0;39m [34mINFO [0;39m -- [32m[main][0;39m [1;35morg.springframework.data.repository.config.RepositoryConfigurationExtensionSupport[0;39m : [36mSpring Data Redis - Could not safely identify store assignment for repository candidate interface com.ekoplat.iot.repository.PackageRepository.
[0;39m[31m2019-08-08 16:56:32.732[0;39m [34mINFO [0;39m -- [32m[main][0;39m [1;35morg.springframework.data.repository.config.RepositoryConfigurationExtensionSupport[0;39m : [36mSpring Data Redis - Could not safely identify store assignment for repository candidate interface com.ekoplat.iot.repository.GatewayAndLockRepository.
[0;39m[31m2019-08-08 16:56:32.734[0;39m [34mINFO [0;39m -- [32m[main][0;39m [1;35morg.springframework.data.repository.config.RepositoryConfigurationDelegate[0;39m : [36mFinished Spring Data repository scanning in 19ms. Found 0 repository interfaces.
[0;39m[31m2019-08-08 16:56:33.555[0;39m [34mINFO [0;39m -- [32m[main][0;39m [1;35morg.springframework.integration.config.DefaultConfiguringBeanFactoryPostProcessor[0;39m : [36mNo bean named 'errorChannel' has been explicitly defined. Therefore, a default PublishSubscribeChannel will be created.
[0;39m[31m2019-08-08 16:56:33.568[0;39m [34mINFO [0;39m -- [32m[main][0;39m [1;35morg.springframework.integration.config.DefaultConfiguringBeanFactoryPostProcessor[0;39m : [36mNo bean named 'taskScheduler' has been explicitly defined. Therefore, a default ThreadPoolTaskScheduler will be created.
[0;39m[31m2019-08-08 16:56:33.578[0;39m [34mINFO [0;39m -- [32m[main][0;39m [1;35morg.springframework.integration.config.DefaultConfiguringBeanFactoryPostProcessor[0;39m : [36mNo bean named 'integrationHeaderChannelRegistry' has been explicitly defined. Therefore, a default DefaultHeaderChannelRegistry will be created.
[0;39m[31m2019-08-08 16:56:33.873[0;39m [34mINFO [0;39m -- [32m[main][0;39m [1;35morg.springframework.context.support.PostProcessorRegistrationDelegate$BeanPostProcessorChecker[0;39m : [36mBean 'org.springframework.transaction.annotation.ProxyTransactionManagementConfiguration' of type [org.springframework.transaction.annotation.ProxyTransactionManagementConfiguration$$EnhancerBySpringCGLIB$$7827fe2b] is not eligible for getting processed by all BeanPostProcessors (for example: not eligible for auto-proxying)
[0;39m[31m2019-08-08 16:56:34.040[0;39m [34mINFO [0;39m -- [32m[main][0;39m [1;35morg.springframework.context.support.PostProcessorRegistrationDelegate$BeanPostProcessorChecker[0;39m : [36mBean 'spring.redis-org.springframework.boot.autoconfigure.data.redis.RedisProperties' of type [org.springframework.boot.autoconfigure.data.redis.RedisProperties] is not eligible for getting processed by all BeanPostProcessors (for example: not eligible for auto-proxying)
[0;39m[31m2019-08-08 16:56:34.053[0;39m [34mINFO [0;39m -- [32m[main][0;39m [1;35morg.springframework.context.support.PostProcessorRegistrationDelegate$BeanPostProcessorChecker[0;39m : [36mBean 'org.springframework.boot.autoconfigure.data.redis.JedisConnectionConfiguration' of type [org.springframework.boot.autoconfigure.data.redis.JedisConnectionConfiguration$$EnhancerBySpringCGLIB$$1963afc0] is not eligible for getting processed by all BeanPostProcessors (for example: not eligible for auto-proxying)
[0;39m[31m2019-08-08 16:56:34.267[0;39m [34mINFO [0;39m -- [32m[main][0;39m [1;35morg.springframework.context.support.PostProcessorRegistrationDelegate$BeanPostProcessorChecker[0;39m : [36mBean 'redisConnectionFactory' of type [org.springframework.data.redis.connection.jedis.JedisConnectionFactory] is not eligible for getting processed by all BeanPostProcessors (for example: not eligible for auto-proxying)
[0;39m[31m2019-08-08 16:56:34.270[0;39m [34mINFO [0;39m -- [32m[main][0;39m [1;35morg.springframework.context.support.PostProcessorRegistrationDelegate$BeanPostProcessorChecker[0;39m : [36mBean 'redisConfig' of type [com.ekoplat.iot.config.RedisConfig$$EnhancerBySpringCGLIB$$346e2b44] is not eligible for getting processed by all BeanPostProcessors (for example: not eligible for auto-proxying)
[0;39m[31m2019-08-08 16:56:34.330[0;39m [34mINFO [0;39m -- [32m[main][0;39m [1;35morg.springframework.context.support.PostProcessorRegistrationDelegate$BeanPostProcessorChecker[0;39m : [36mBean 'org.springframework.integration.config.IntegrationManagementConfiguration' of type [org.springframework.integration.config.IntegrationManagementConfiguration$$EnhancerBySpringCGLIB$$e319b95a] is not eligible for getting processed by all BeanPostProcessors (for example: not eligible for auto-proxying)
[0;39m[31m2019-08-08 16:56:34.369[0;39m [34mINFO [0;39m -- [32m[main][0;39m [1;35morg.springframework.context.support.PostProcessorRegistrationDelegate$BeanPostProcessorChecker[0;39m : [36mBean 'integrationDisposableAutoCreatedBeans' of type [org.springframework.integration.config.annotation.Disposables] is not eligible for getting processed by all BeanPostProcessors (for example: not eligible for auto-proxying)
[0;39m[31m2019-08-08 16:56:35.170[0;39m [34mINFO [0;39m -- [32m[main][0;39m [1;35morg.springframework.boot.web.embedded.tomcat.TomcatWebServer[0;39m : [36mTomcat initialized with port(s): 8888 (http)
[0;39m[31m2019-08-08 16:56:35.201[0;39m [34mINFO [0;39m -- [32m[main][0;39m [1;35morg.apache.coyote.http11.Http11NioProtocol[0;39m : [36mInitializing ProtocolHandler ["http-nio-8888"]
[0;39m[31m2019-08-08 16:56:35.223[0;39m [34mINFO [0;39m -- [32m[main][0;39m [1;35morg.apache.catalina.core.StandardService[0;39m : [36mStarting service [Tomcat]
[0;39m[31m2019-08-08 16:56:35.223[0;39m [34mINFO [0;39m -- [32m[main][0;39m [1;35morg.apache.catalina.core.StandardEngine[0;39m : [36mStarting Servlet engine: [Apache Tomcat/9.0.21]
[0;39m[31m2019-08-08 16:56:35.380[0;39m [34mINFO [0;39m -- [32m[main][0;39m [1;35morg.apache.catalina.core.ContainerBase.[Tomcat].[localhost].[/][0;39m : [36mInitializing Spring embedded WebApplicationContext
[0;39m[31m2019-08-08 16:56:35.382[0;39m [34mINFO [0;39m -- [32m[main][0;39m [1;35morg.springframework.web.context.ContextLoader[0;39m : [36mRoot WebApplicationContext: initialization completed in 5402 ms
[0;39m[31m2019-08-08 16:56:35.712[0;39m [34mINFO [0;39m -- [32m[main][0;39m [1;35mcom.zaxxer.hikari.HikariDataSource[0;39m : [36mHikariPool-1 - Starting...
[0;39m[31m2019-08-08 16:56:35.720[0;39m [31mWARN [0;39m -- [32m[main][0;39m [1;35mcom.zaxxer.hikari.util.DriverDataSource[0;39m : [36mRegistered driver with driverClassName=com.mysql.jdbc.Driver was not found, trying direct instantiation.
[0;39m[31m2019-08-08 16:56:36.070[0;39m [34mINFO [0;39m -- [32m[main][0;39m [1;35mcom.zaxxer.hikari.HikariDataSource[0;39m : [36mHikariPool-1 - Start completed.
[0;39m[31m2019-08-08 16:56:36.400[0;39m [34mINFO [0;39m -- [32m[main][0;39m [1;35morg.hibernate.Version[0;39m : [36mHHH000412: Hibernate Core {5.3.10.Final}
[0;39m[31m2019-08-08 16:56:36.422[0;39m [34mINFO [0;39m -- [32m[main][0;39m [1;35morg.hibernate.cfg.Environment[0;39m : [36mHHH000206: hibernate.properties not found
[0;39m[31m2019-08-08 16:56:37.109[0;39m [34mINFO [0;39m -- [32m[main][0;39m [1;35morg.hibernate.annotations.common.Version[0;39m : [36mHCANN000001: Hibernate Commons Annotations {5.0.4.Final}
[0;39m[31m2019-08-08 16:56:37.678[0;39m [34mINFO [0;39m -- [32m[main][0;39m [1;35morg.hibernate.dialect.Dialect[0;39m : [36mHHH000400: Using dialect: org.hibernate.dialect.MySQL5Dialect
[0;39m[31m2019-08-08 16:56:38.854[0;39m [34mINFO [0;39m -- [32m[main][0;39m [1;35morg.springframework.orm.jpa.LocalContainerEntityManagerFactoryBean[0;39m : [36mInitialized JPA EntityManagerFactory for persistence unit 'default'
[0;39m[31m2019-08-08 16:56:39.088[0;39m [34mINFO [0;39m -- [32m[main][0;39m [1;35morg.springframework.scheduling.concurrent.ThreadPoolTaskScheduler[0;39m : [36mInitializing ExecutorService 'taskScheduler'
[0;39m[31m2019-08-08 16:56:40.131[0;39m [34mINFO [0;39m -- [32m[main][0;39m [1;35mcom.ekoplat.iot.config.RedisConfig[0;39m : [36måˆå§‹åŒ– -> [CacheManager RedisCacheManager Start]
[0;39m[31m2019-08-08 16:56:40.150[0;39m [34mINFO [0;39m -- [32m[main][0;39m [1;35mcom.ekoplat.iot.config.RedisConfig[0;39m : [36måˆå§‹åŒ– -> [Redis CacheErrorHandler]
[0;39m[31m2019-08-08 16:56:40.515[0;39m [34mINFO [0;39m -- [32m[main][0;39m [1;35morg.springframework.scheduling.concurrent.ThreadPoolTaskExecutor[0;39m : [36mInitializing ExecutorService 'applicationTaskExecutor'
[0;39m[31m2019-08-08 16:56:41.493[0;39m [34mINFO [0;39m -- [32m[main][0;39m [1;35morg.springframework.integration.endpoint.EventDrivenConsumer[0;39m : [36mAdding {logging-channel-adapter:_org.springframework.integration.errorLogger} as a subscriber to the 'errorChannel' channel
[0;39m[31m2019-08-08 16:56:41.494[0;39m [34mINFO [0;39m -- [32m[main][0;39m [1;35morg.springframework.integration.channel.PublishSubscribeChannel[0;39m : [36mChannel 'application.errorChannel' has 1 subscriber(s).
[0;39m[31m2019-08-08 16:56:41.494[0;39m [34mINFO [0;39m -- [32m[main][0;39m [1;35morg.springframework.integration.endpoint.EventDrivenConsumer[0;39m : [36mstarted _org.springframework.integration.errorLogger
[0;39m[31m2019-08-08 16:56:41.495[0;39m [34mINFO [0;39m -- [32m[main][0;39m [1;35morg.springframework.integration.endpoint.EventDrivenConsumer[0;39m : [36mAdding {message-handler:mqttSenderConfig.mqttOutbound.serviceActivator} as a subscriber to the 'mqttPubOutboundChannel' channel
[0;39m[31m2019-08-08 16:56:41.495[0;39m [34mINFO [0;39m -- [32m[main][0;39m [1;35morg.springframework.integration.channel.DirectChannel[0;39m : [36mChannel 'application.mqttPubOutboundChannel' has 1 subscriber(s).
[0;39m[31m2019-08-08 16:56:41.495[0;39m [34mINFO [0;39m -- [32m[main][0;39m [1;35morg.springframework.integration.endpoint.EventDrivenConsumer[0;39m : [36mstarted mqttSenderConfig.mqttOutbound.serviceActivator
[0;39m[31m2019-08-08 16:56:41.495[0;39m [34mINFO [0;39m -- [32m[main][0;39m [1;35morg.springframework.integration.endpoint.EventDrivenConsumer[0;39m : [36mAdding {message-handler:mqttReceiveConfig.SubHandler.serviceActivator} as a subscriber to the 'mqttSubInputChannel' channel
[0;39m[31m2019-08-08 16:56:41.495[0;39m [34mINFO [0;39m -- [32m[main][0;39m [1;35morg.springframework.integration.channel.DirectChannel[0;39m : [36mChannel 'application.mqttSubInputChannel' has 1 subscriber(s).
[0;39m[31m2019-08-08 16:56:41.495[0;39m [34mINFO [0;39m -- [32m[main][0;39m [1;35morg.springframework.integration.endpoint.EventDrivenConsumer[0;39m : [36mstarted mqttReceiveConfig.SubHandler.serviceActivator
[0;39m[31m2019-08-08 16:56:41.502[0;39m [34mINFO [0;39m -- [32m[main][0;39m [1;35morg.springframework.integration.gateway.GatewayProxyFactoryBean$MethodInvocationGateway[0;39m : [36mstarted mqttGateway
[0;39m[31m2019-08-08 16:56:41.503[0;39m [34mINFO [0;39m -- [32m[main][0;39m [1;35morg.springframework.integration.gateway.GatewayProxyFactoryBean[0;39m : [36mstarted mqttGateway
[0;39m[31m2019-08-08 16:56:41.591[0;39m [34mINFO [0;39m -- [32m[main][0;39m [1;35morg.springframework.integration.mqtt.inbound.MqttPahoMessageDrivenChannelAdapter[0;39m : [36mstarted SubInBound
[0;39m[31m2019-08-08 16:56:41.639[0;39m [34mINFO [0;39m -- [32m[main][0;39m [1;35morg.apache.coyote.http11.Http11NioProtocol[0;39m : [36mStarting ProtocolHandler ["http-nio-8888"]
[0;39m[31m2019-08-08 16:56:41.677[0;39m [1;31mERROR[0;39m -- [32m[main][0;39m [1;35morg.apache.catalina.util.LifecycleBase[0;39m : [36mFailed to start component [Connector[HTTP/1.1-8888]]
[0;39morg.apache.catalina.LifecycleException: Protocol handler start failed
	at org.apache.catalina.connector.Connector.startInternal(Connector.java:1008)
	at org.apache.catalina.util.LifecycleBase.start(LifecycleBase.java:183)
	at org.apache.catalina.core.StandardService.addConnector(StandardService.java:227)
	at org.springframework.boot.web.embedded.tomcat.TomcatWebServer.addPreviouslyRemovedConnectors(TomcatWebServer.java:263)
	at org.springframework.boot.web.embedded.tomcat.TomcatWebServer.start(TomcatWebServer.java:195)
	at org.springframework.boot.web.servlet.context.ServletWebServerApplicationContext.startWebServer(ServletWebServerApplicationContext.java:296)
	at org.springframework.boot.web.servlet.context.ServletWebServerApplicationContext.finishRefresh(ServletWebServerApplicationContext.java:162)
	at org.springframework.context.support.AbstractApplicationContext.refresh(AbstractApplicationContext.java:552)
	at org.springframework.boot.web.servlet.context.ServletWebServerApplicationContext.refresh(ServletWebServerApplicationContext.java:140)
	at org.springframework.boot.SpringApplication.refresh(SpringApplication.java:742)
	at org.springframework.boot.SpringApplication.refreshContext(SpringApplication.java:389)
	at org.springframework.boot.SpringApplication.run(SpringApplication.java:311)
	at org.springframework.boot.SpringApplication.run(SpringApplication.java:1213)
	at org.springframework.boot.SpringApplication.run(SpringApplication.java:1202)
	at com.ekoplat.iot.IotApplication.main(IotApplication.java:39)
	at sun.reflect.NativeMethodAccessorImpl.invoke0(Native Method)
	at sun.reflect.NativeMethodAccessorImpl.invoke(NativeMethodAccessorImpl.java:62)
	at sun.reflect.DelegatingMethodAccessorImpl.invoke(DelegatingMethodAccessorImpl.java:43)
	at java.lang.reflect.Method.invoke(Method.java:498)
	at org.springframework.boot.loader.MainMethodRunner.run(MainMethodRunner.java:47)
	at org.springframework.boot.loader.Launcher.launch(Launcher.java:86)
	at org.springframework.boot.loader.Launcher.launch(Launcher.java:50)
	at org.springframework.boot.loader.JarLauncher.main(JarLauncher.java:51)
Caused by: java.net.BindException: Address already in use
	at sun.nio.ch.Net.bind0(Native Method)
	at sun.nio.ch.Net.bind(Net.java:433)
	at sun.nio.ch.Net.bind(Net.java:425)
	at sun.nio.ch.ServerSocketChannelImpl.bind(ServerSocketChannelImpl.java:223)
	at sun.nio.ch.ServerSocketAdaptor.bind(ServerSocketAdaptor.java:74)
	at org.apache.tomcat.util.net.NioEndpoint.initServerSocket(NioEndpoint.java:230)
	at org.apache.tomcat.util.net.NioEndpoint.bind(NioEndpoint.java:213)
	at org.apache.tomcat.util.net.AbstractEndpoint.bindWithCleanup(AbstractEndpoint.java:1124)
	at org.apache.tomcat.util.net.AbstractEndpoint.start(AbstractEndpoint.java:1210)
	at org.apache.coyote.AbstractProtocol.start(AbstractProtocol.java:585)
	at org.apache.catalina.connector.Connector.startInternal(Connector.java:1005)
	... 22 common frames omitted
[31m2019-08-08 16:56:41.721[0;39m [34mINFO [0;39m -- [32m[main][0;39m [1;35morg.apache.coyote.http11.Http11NioProtocol[0;39m : [36mPausing ProtocolHandler ["http-nio-8888"]
[0;39m[31m2019-08-08 16:56:41.726[0;39m [34mINFO [0;39m -- [32m[main][0;39m [1;35morg.apache.catalina.core.StandardService[0;39m : [36mStopping service [Tomcat]
[0;39m[31m2019-08-08 16:56:41.739[0;39m [34mINFO [0;39m -- [32m[main][0;39m [1;35morg.apache.catalina.util.LifecycleBase[0;39m : [36mThe stop() method was called on component [StandardServer[-1]] after stop() had already been called. The second call will be ignored.
[0;39m[31m2019-08-08 16:56:41.739[0;39m [34mINFO [0;39m -- [32m[main][0;39m [1;35morg.apache.coyote.http11.Http11NioProtocol[0;39m : [36mStopping ProtocolHandler ["http-nio-8888"]
[0;39m[31m2019-08-08 16:56:41.740[0;39m [34mINFO [0;39m -- [32m[main][0;39m [1;35morg.apache.coyote.http11.Http11NioProtocol[0;39m : [36mDestroying ProtocolHandler ["http-nio-8888"]
[0;39m[31m2019-08-08 16:56:41.767[0;39m [1;31mERROR[0;39m -- [32m[main][0;39m [1;35morg.springframework.boot.diagnostics.LoggingFailureAnalysisReporter[0;39m : [36m

***************************
APPLICATION FAILED TO START
***************************

Description:

The Tomcat connector configured to listen on port 8888 failed to start. The port may already be in use or the connector may be misconfigured.

Action:

Verify the connector's configuration, identify and stop any process that's listening on port 8888, or configure this application to listen on another port.

[0;39m[31m2019-08-08 16:56:43.786[0;39m [34mINFO [0;39m -- [32m[main][0;39m [1;35morg.springframework.integration.mqtt.inbound.MqttPahoMessageDrivenChannelAdapter[0;39m : [36mstopped SubInBound
[0;39m[31m2019-08-08 16:56:43.787[0;39m [34mINFO [0;39m -- [32m[main][0;39m [1;35morg.springframework.integration.gateway.GatewayProxyFactoryBean$MethodInvocationGateway[0;39m : [36mstopped mqttGateway
[0;39m[31m2019-08-08 16:56:43.787[0;39m [34mINFO [0;39m -- [32m[main][0;39m [1;35morg.springframework.integration.gateway.GatewayProxyFactoryBean[0;39m : [36mstopped mqttGateway
[0;39m[31m2019-08-08 16:56:43.788[0;39m [34mINFO [0;39m -- [32m[main][0;39m [1;35morg.springframework.integration.endpoint.EventDrivenConsumer[0;39m : [36mRemoving {logging-channel-adapter:_org.springframework.integration.errorLogger} as a subscriber to the 'errorChannel' channel
[0;39m[31m2019-08-08 16:56:43.789[0;39m [34mINFO [0;39m -- [32m[main][0;39m [1;35morg.springframework.integration.channel.PublishSubscribeChannel[0;39m : [36mChannel 'application.errorChannel' has 0 subscriber(s).
[0;39m[31m2019-08-08 16:56:43.789[0;39m [34mINFO [0;39m -- [32m[main][0;39m [1;35morg.springframework.integration.endpoint.EventDrivenConsumer[0;39m : [36mstopped _org.springframework.integration.errorLogger
[0;39m[31m2019-08-08 16:56:43.789[0;39m [34mINFO [0;39m -- [32m[main][0;39m [1;35morg.springframework.integration.endpoint.EventDrivenConsumer[0;39m : [36mRemoving {message-handler:mqttSenderConfig.mqttOutbound.serviceActivator} as a subscriber to the 'mqttPubOutboundChannel' channel
[0;39m[31m2019-08-08 16:56:43.789[0;39m [34mINFO [0;39m -- [32m[main][0;39m [1;35morg.springframework.integration.channel.DirectChannel[0;39m : [36mChannel 'application.mqttPubOutboundChannel' has 0 subscriber(s).
[0;39m[31m2019-08-08 16:56:43.790[0;39m [34mINFO [0;39m -- [32m[main][0;39m [1;35morg.springframework.integration.endpoint.EventDrivenConsumer[0;39m : [36mstopped mqttSenderConfig.mqttOutbound.serviceActivator
[0;39m[31m2019-08-08 16:56:43.791[0;39m [34mINFO [0;39m -- [32m[main][0;39m [1;35morg.springframework.integration.endpoint.EventDrivenConsumer[0;39m : [36mRemoving {message-handler:mqttReceiveConfig.SubHandler.serviceActivator} as a subscriber to the 'mqttSubInputChannel' channel
[0;39m[31m2019-08-08 16:56:43.792[0;39m [34mINFO [0;39m -- [32m[main][0;39m [1;35morg.springframework.integration.channel.DirectChannel[0;39m : [36mChannel 'application.mqttSubInputChannel' has 0 subscriber(s).
[0;39m[31m2019-08-08 16:56:43.792[0;39m [34mINFO [0;39m -- [32m[main][0;39m [1;35morg.springframework.integration.endpoint.EventDrivenConsumer[0;39m : [36mstopped mqttReceiveConfig.SubHandler.serviceActivator
[0;39m[31m2019-08-08 16:56:43.795[0;39m [34mINFO [0;39m -- [32m[main][0;39m [1;35morg.springframework.scheduling.concurrent.ThreadPoolTaskExecutor[0;39m : [36mShutting down ExecutorService 'applicationTaskExecutor'
[0;39m[31m2019-08-08 16:56:43.799[0;39m [34mINFO [0;39m -- [32m[main][0;39m [1;35morg.springframework.scheduling.concurrent.ThreadPoolTaskScheduler[0;39m : [36mShutting down ExecutorService 'taskScheduler'
[0;39m[31m2019-08-08 16:56:43.800[0;39m [34mINFO [0;39m -- [32m[main][0;39m [1;35morg.springframework.orm.jpa.LocalContainerEntityManagerFactoryBean[0;39m : [36mClosing JPA EntityManagerFactory for persistence unit 'default'
[0;39m[31m2019-08-08 16:56:43.807[0;39m [34mINFO [0;39m -- [32m[main][0;39m [1;35mcom.zaxxer.hikari.HikariDataSource[0;39m : [36mHikariPool-1 - Shutdown initiated...
[0;39m[31m2019-08-08 16:56:43.830[0;39m [34mINFO [0;39m -- [32m[main][0;39m [1;35mcom.zaxxer.hikari.HikariDataSource[0;39m : [36mHikariPool-1 - Shutdown completed.
[0;39m[31m2019-08-08 16:58:06.521[0;39m [34mINFO [0;39m -- [32m[main][0;39m [1;35mcom.ekoplat.iot.IotApplication[0;39m : [36mStarting IotApplication v2.1.6.RELEASE on fujiasendeMacBook-Pro.local with PID 44373 (/Users/kiyoumi/IdeaProjects/iot/target/iot.jar started by kiyoumi in /Users/kiyoumi/IdeaProjects/iot/target)
[0;39m[31m2019-08-08 16:58:06.525[0;39m [34mINFO [0;39m -- [32m[main][0;39m [1;35mcom.ekoplat.iot.IotApplication[0;39m : [36mNo active profile set, falling back to default profiles: default
[0;39m[31m2019-08-08 16:58:07.871[0;39m [34mINFO [0;39m -- [32m[main][0;39m [1;35morg.springframework.data.repository.config.RepositoryConfigurationDelegate[0;39m : [36mMultiple Spring Data modules found, entering strict repository configuration mode!
[0;39m[31m2019-08-08 16:58:07.875[0;39m [34mINFO [0;39m -- [32m[main][0;39m [1;35morg.springframework.data.repository.config.RepositoryConfigurationDelegate[0;39m : [36mBootstrapping Spring Data repositories in DEFAULT mode.
[0;39m[31m2019-08-08 16:58:08.134[0;39m [34mINFO [0;39m -- [32m[main][0;39m [1;35morg.springframework.data.repository.config.RepositoryConfigurationDelegate[0;39m : [36mFinished Spring Data repository scanning in 215ms. Found 2 repository interfaces.
[0;39m[31m2019-08-08 16:58:08.174[0;39m [34mINFO [0;39m -- [32m[main][0;39m [1;35morg.springframework.data.repository.config.RepositoryConfigurationDelegate[0;39m : [36mMultiple Spring Data modules found, entering strict repository configuration mode!
[0;39m[31m2019-08-08 16:58:08.176[0;39m [34mINFO [0;39m -- [32m[main][0;39m [1;35morg.springframework.data.repository.config.RepositoryConfigurationDelegate[0;39m : [36mBootstrapping Spring Data repositories in DEFAULT mode.
[0;39m[31m2019-08-08 16:58:08.207[0;39m [34mINFO [0;39m -- [32m[main][0;39m [1;35morg.springframework.data.repository.config.RepositoryConfigurationExtensionSupport[0;39m : [36mSpring Data Redis - Could not safely identify store assignment for repository candidate interface com.ekoplat.iot.repository.GatewayAndLockRepository.
[0;39m[31m2019-08-08 16:58:08.209[0;39m [34mINFO [0;39m -- [32m[main][0;39m [1;35morg.springframework.data.repository.config.RepositoryConfigurationExtensionSupport[0;39m : [36mSpring Data Redis - Could not safely identify store assignment for repository candidate interface com.ekoplat.iot.repository.PackageRepository.
[0;39m[31m2019-08-08 16:58:08.209[0;39m [34mINFO [0;39m -- [32m[main][0;39m [1;35morg.springframework.data.repository.config.RepositoryConfigurationDelegate[0;39m : [36mFinished Spring Data repository scanning in 18ms. Found 0 repository interfaces.
[0;39m[31m2019-08-08 16:58:08.733[0;39m [34mINFO [0;39m -- [32m[main][0;39m [1;35morg.springframework.integration.config.DefaultConfiguringBeanFactoryPostProcessor[0;39m : [36mNo bean named 'errorChannel' has been explicitly defined. Therefore, a default PublishSubscribeChannel will be created.
[0;39m[31m2019-08-08 16:58:08.748[0;39m [34mINFO [0;39m -- [32m[main][0;39m [1;35morg.springframework.integration.config.DefaultConfiguringBeanFactoryPostProcessor[0;39m : [36mNo bean named 'taskScheduler' has been explicitly defined. Therefore, a default ThreadPoolTaskScheduler will be created.
[0;39m[31m2019-08-08 16:58:08.786[0;39m [34mINFO [0;39m -- [32m[main][0;39m [1;35morg.springframework.integration.config.DefaultConfiguringBeanFactoryPostProcessor[0;39m : [36mNo bean named 'integrationHeaderChannelRegistry' has been explicitly defined. Therefore, a default DefaultHeaderChannelRegistry will be created.
[0;39m[31m2019-08-08 16:58:09.062[0;39m [34mINFO [0;39m -- [32m[main][0;39m [1;35morg.springframework.context.support.PostProcessorRegistrationDelegate$BeanPostProcessorChecker[0;39m : [36mBean 'org.springframework.transaction.annotation.ProxyTransactionManagementConfiguration' of type [org.springframework.transaction.annotation.ProxyTransactionManagementConfiguration$$EnhancerBySpringCGLIB$$f5b28e21] is not eligible for getting processed by all BeanPostProcessors (for example: not eligible for auto-proxying)
[0;39m[31m2019-08-08 16:58:09.204[0;39m [34mINFO [0;39m -- [32m[main][0;39m [1;35morg.springframework.context.support.PostProcessorRegistrationDelegate$BeanPostProcessorChecker[0;39m : [36mBean 'spring.redis-org.springframework.boot.autoconfigure.data.redis.RedisProperties' of type [org.springframework.boot.autoconfigure.data.redis.RedisProperties] is not eligible for getting processed by all BeanPostProcessors (for example: not eligible for auto-proxying)
[0;39m[31m2019-08-08 16:58:09.214[0;39m [34mINFO [0;39m -- [32m[main][0;39m [1;35morg.springframework.context.support.PostProcessorRegistrationDelegate$BeanPostProcessorChecker[0;39m : [36mBean 'org.springframework.boot.autoconfigure.data.redis.JedisConnectionConfiguration' of type [org.springframework.boot.autoconfigure.data.redis.JedisConnectionConfiguration$$EnhancerBySpringCGLIB$$96ee3fb6] is not eligible for getting processed by all BeanPostProcessors (for example: not eligible for auto-proxying)
[0;39m[31m2019-08-08 16:58:09.450[0;39m [34mINFO [0;39m -- [32m[main][0;39m [1;35morg.springframework.context.support.PostProcessorRegistrationDelegate$BeanPostProcessorChecker[0;39m : [36mBean 'redisConnectionFactory' of type [org.springframework.data.redis.connection.jedis.JedisConnectionFactory] is not eligible for getting processed by all BeanPostProcessors (for example: not eligible for auto-proxying)
[0;39m[31m2019-08-08 16:58:09.451[0;39m [34mINFO [0;39m -- [32m[main][0;39m [1;35morg.springframework.context.support.PostProcessorRegistrationDelegate$BeanPostProcessorChecker[0;39m : [36mBean 'redisConfig' of type [com.ekoplat.iot.config.RedisConfig$$EnhancerBySpringCGLIB$$b1f8bb3a] is not eligible for getting processed by all BeanPostProcessors (for example: not eligible for auto-proxying)
[0;39m[31m2019-08-08 16:58:09.512[0;39m [34mINFO [0;39m -- [32m[main][0;39m [1;35morg.springframework.context.support.PostProcessorRegistrationDelegate$BeanPostProcessorChecker[0;39m : [36mBean 'org.springframework.integration.config.IntegrationManagementConfiguration' of type [org.springframework.integration.config.IntegrationManagementConfiguration$$EnhancerBySpringCGLIB$$60a44950] is not eligible for getting processed by all BeanPostProcessors (for example: not eligible for auto-proxying)
[0;39m[31m2019-08-08 16:58:09.542[0;39m [34mINFO [0;39m -- [32m[main][0;39m [1;35morg.springframework.context.support.PostProcessorRegistrationDelegate$BeanPostProcessorChecker[0;39m : [36mBean 'integrationDisposableAutoCreatedBeans' of type [org.springframework.integration.config.annotation.Disposables] is not eligible for getting processed by all BeanPostProcessors (for example: not eligible for auto-proxying)
[0;39m[31m2019-08-08 16:58:10.200[0;39m [34mINFO [0;39m -- [32m[main][0;39m [1;35morg.springframework.boot.web.embedded.tomcat.TomcatWebServer[0;39m : [36mTomcat initialized with port(s): 80 (http)
[0;39m[31m2019-08-08 16:58:10.225[0;39m [34mINFO [0;39m -- [32m[main][0;39m [1;35morg.apache.coyote.http11.Http11NioProtocol[0;39m : [36mInitializing ProtocolHandler ["http-nio-80"]
[0;39m[31m2019-08-08 16:58:10.257[0;39m [34mINFO [0;39m -- [32m[main][0;39m [1;35morg.apache.catalina.core.StandardService[0;39m : [36mStarting service [Tomcat]
[0;39m[31m2019-08-08 16:58:10.258[0;39m [34mINFO [0;39m -- [32m[main][0;39m [1;35morg.apache.catalina.core.StandardEngine[0;39m : [36mStarting Servlet engine: [Apache Tomcat/9.0.21]
[0;39m[31m2019-08-08 16:58:10.399[0;39m [34mINFO [0;39m -- [32m[main][0;39m [1;35morg.apache.catalina.core.ContainerBase.[Tomcat].[localhost].[/][0;39m : [36mInitializing Spring embedded WebApplicationContext
[0;39m[31m2019-08-08 16:58:10.399[0;39m [34mINFO [0;39m -- [32m[main][0;39m [1;35morg.springframework.web.context.ContextLoader[0;39m : [36mRoot WebApplicationContext: initialization completed in 3787 ms
[0;39m[31m2019-08-08 16:58:10.688[0;39m [34mINFO [0;39m -- [32m[main][0;39m [1;35mcom.zaxxer.hikari.HikariDataSource[0;39m : [36mHikariPool-1 - Starting...
[0;39m[31m2019-08-08 16:58:10.696[0;39m [31mWARN [0;39m -- [32m[main][0;39m [1;35mcom.zaxxer.hikari.util.DriverDataSource[0;39m : [36mRegistered driver with driverClassName=com.mysql.jdbc.Driver was not found, trying direct instantiation.
[0;39m[31m2019-08-08 16:58:11.010[0;39m [34mINFO [0;39m -- [32m[main][0;39m [1;35mcom.zaxxer.hikari.HikariDataSource[0;39m : [36mHikariPool-1 - Start completed.
[0;39m[31m2019-08-08 16:58:11.300[0;39m [34mINFO [0;39m -- [32m[main][0;39m [1;35morg.hibernate.Version[0;39m : [36mHHH000412: Hibernate Core {5.3.10.Final}
[0;39m[31m2019-08-08 16:58:11.303[0;39m [34mINFO [0;39m -- [32m[main][0;39m [1;35morg.hibernate.cfg.Environment[0;39m : [36mHHH000206: hibernate.properties not found
[0;39m[31m2019-08-08 16:58:11.566[0;39m [34mINFO [0;39m -- [32m[main][0;39m [1;35morg.hibernate.annotations.common.Version[0;39m : [36mHCANN000001: Hibernate Commons Annotations {5.0.4.Final}
[0;39m[31m2019-08-08 16:58:12.008[0;39m [34mINFO [0;39m -- [32m[main][0;39m [1;35morg.hibernate.dialect.Dialect[0;39m : [36mHHH000400: Using dialect: org.hibernate.dialect.MySQL5Dialect
[0;39m[31m2019-08-08 16:58:12.939[0;39m [34mINFO [0;39m -- [32m[main][0;39m [1;35morg.springframework.orm.jpa.LocalContainerEntityManagerFactoryBean[0;39m : [36mInitialized JPA EntityManagerFactory for persistence unit 'default'
[0;39m[31m2019-08-08 16:58:13.099[0;39m [34mINFO [0;39m -- [32m[main][0;39m [1;35morg.springframework.scheduling.concurrent.ThreadPoolTaskScheduler[0;39m : [36mInitializing ExecutorService 'taskScheduler'
[0;39m[31m2019-08-08 16:58:13.978[0;39m [34mINFO [0;39m -- [32m[main][0;39m [1;35mcom.ekoplat.iot.config.RedisConfig[0;39m : [36måˆå§‹åŒ– -> [CacheManager RedisCacheManager Start]
[0;39m[31m2019-08-08 16:58:13.992[0;39m [34mINFO [0;39m -- [32m[main][0;39m [1;35mcom.ekoplat.iot.config.RedisConfig[0;39m : [36måˆå§‹åŒ– -> [Redis CacheErrorHandler]
[0;39m[31m2019-08-08 16:58:14.347[0;39m [34mINFO [0;39m -- [32m[main][0;39m [1;35morg.springframework.scheduling.concurrent.ThreadPoolTaskExecutor[0;39m : [36mInitializing ExecutorService 'applicationTaskExecutor'
[0;39m[31m2019-08-08 16:58:15.351[0;39m [34mINFO [0;39m -- [32m[main][0;39m [1;35morg.springframework.integration.endpoint.EventDrivenConsumer[0;39m : [36mAdding {logging-channel-adapter:_org.springframework.integration.errorLogger} as a subscriber to the 'errorChannel' channel
[0;39m[31m2019-08-08 16:58:15.352[0;39m [34mINFO [0;39m -- [32m[main][0;39m [1;35morg.springframework.integration.channel.PublishSubscribeChannel[0;39m : [36mChannel 'application.errorChannel' has 1 subscriber(s).
[0;39m[31m2019-08-08 16:58:15.352[0;39m [34mINFO [0;39m -- [32m[main][0;39m [1;35morg.springframework.integration.endpoint.EventDrivenConsumer[0;39m : [36mstarted _org.springframework.integration.errorLogger
[0;39m[31m2019-08-08 16:58:15.353[0;39m [34mINFO [0;39m -- [32m[main][0;39m [1;35morg.springframework.integration.endpoint.EventDrivenConsumer[0;39m : [36mAdding {message-handler:mqttSenderConfig.mqttOutbound.serviceActivator} as a subscriber to the 'mqttPubOutboundChannel' channel
[0;39m[31m2019-08-08 16:58:15.353[0;39m [34mINFO [0;39m -- [32m[main][0;39m [1;35morg.springframework.integration.channel.DirectChannel[0;39m : [36mChannel 'application.mqttPubOutboundChannel' has 1 subscriber(s).
[0;39m[31m2019-08-08 16:58:15.353[0;39m [34mINFO [0;39m -- [32m[main][0;39m [1;35morg.springframework.integration.endpoint.EventDrivenConsumer[0;39m : [36mstarted mqttSenderConfig.mqttOutbound.serviceActivator
[0;39m[31m2019-08-08 16:58:15.353[0;39m [34mINFO [0;39m -- [32m[main][0;39m [1;35morg.springframework.integration.endpoint.EventDrivenConsumer[0;39m : [36mAdding {message-handler:mqttReceiveConfig.SubHandler.serviceActivator} as a subscriber to the 'mqttSubInputChannel' channel
[0;39m[31m2019-08-08 16:58:15.353[0;39m [34mINFO [0;39m -- [32m[main][0;39m [1;35morg.springframework.integration.channel.DirectChannel[0;39m : [36mChannel 'application.mqttSubInputChannel' has 1 subscriber(s).
[0;39m[31m2019-08-08 16:58:15.353[0;39m [34mINFO [0;39m -- [32m[main][0;39m [1;35morg.springframework.integration.endpoint.EventDrivenConsumer[0;39m : [36mstarted mqttReceiveConfig.SubHandler.serviceActivator
[0;39m[31m2019-08-08 16:58:15.356[0;39m [34mINFO [0;39m -- [32m[main][0;39m [1;35morg.springframework.integration.gateway.GatewayProxyFactoryBean$MethodInvocationGateway[0;39m : [36mstarted mqttGateway
[0;39m[31m2019-08-08 16:58:15.357[0;39m [34mINFO [0;39m -- [32m[main][0;39m [1;35morg.springframework.integration.gateway.GatewayProxyFactoryBean[0;39m : [36mstarted mqttGateway
[0;39m[31m2019-08-08 16:58:15.434[0;39m [34mINFO [0;39m -- [32m[main][0;39m [1;35morg.springframework.integration.mqtt.inbound.MqttPahoMessageDrivenChannelAdapter[0;39m : [36mstarted SubInBound
[0;39m[31m2019-08-08 16:58:15.474[0;39m [34mINFO [0;39m -- [32m[main][0;39m [1;35morg.apache.coyote.http11.Http11NioProtocol[0;39m : [36mStarting ProtocolHandler ["http-nio-80"]
[0;39m[31m2019-08-08 16:58:15.533[0;39m [34mINFO [0;39m -- [32m[main][0;39m [1;35morg.springframework.boot.web.embedded.tomcat.TomcatWebServer[0;39m : [36mTomcat started on port(s): 80 (http) with context path ''
[0;39m[31m2019-08-08 16:58:15.569[0;39m [34mINFO [0;39m -- [32m[main][0;39m [1;35mcom.ekoplat.iot.IotApplication[0;39m : [36mStarted IotApplication in 9.99 seconds (JVM running for 10.677)
[0;39m[31m2019-08-08 16:58:15.720[0;39m [1;31mERROR[0;39m -- [32m[main][0;39m [1;35mcom.ekoplat.iot.server.NettyServer[0;39m : [36mNetty start error:
[0;39mjava.net.BindException: Address already in use
	at sun.nio.ch.Net.bind0(Native Method)
	at sun.nio.ch.Net.bind(Net.java:433)
	at sun.nio.ch.Net.bind(Net.java:425)
	at sun.nio.ch.ServerSocketChannelImpl.bind(ServerSocketChannelImpl.java:223)
	at io.netty.channel.socket.nio.NioServerSocketChannel.doBind(NioServerSocketChannel.java:132)
	at io.netty.channel.AbstractChannel$AbstractUnsafe.bind(AbstractChannel.java:563)
	at io.netty.channel.DefaultChannelPipeline$HeadContext.bind(DefaultChannelPipeline.java:1332)
	at io.netty.channel.AbstractChannelHandlerContext.invokeBind(AbstractChannelHandlerContext.java:503)
	at io.netty.channel.AbstractChannelHandlerContext.bind(AbstractChannelHandlerContext.java:488)
	at io.netty.channel.DefaultChannelPipeline.bind(DefaultChannelPipeline.java:984)
	at io.netty.channel.AbstractChannel.bind(AbstractChannel.java:259)
	at io.netty.bootstrap.AbstractBootstrap$2.run(AbstractBootstrap.java:366)
	at io.netty.util.concurrent.AbstractEventExecutor.safeExecute(AbstractEventExecutor.java:163)
	at io.netty.util.concurrent.SingleThreadEventExecutor.runAllTasks(SingleThreadEventExecutor.java:405)
	at io.netty.channel.nio.NioEventLoop.run(NioEventLoop.java:500)
	at io.netty.util.concurrent.SingleThreadEventExecutor$5.run(SingleThreadEventExecutor.java:906)
	at io.netty.util.internal.ThreadExecutorMap$2.run(ThreadExecutorMap.java:74)
	at io.netty.util.concurrent.FastThreadLocalRunnable.run(FastThreadLocalRunnable.java:30)
	at java.lang.Thread.run(Thread.java:745)
[31m2019-08-08 16:58:15.727[0;39m [1;31mERROR[0;39m -- [32m[main][0;39m [1;35mcom.ekoplat.iot.server.NettyServer[0;39m : [36mNetty server start up Error!
[0;39m[31m2019-08-08 16:58:15.779[0;39m [1;31mERROR[0;39m -- [32m[main][0;39m [1;35morg.springframework.boot.SpringApplication[0;39m : [36mApplication run failed
[0;39mjava.lang.IllegalStateException: Failed to execute CommandLineRunner
	at org.springframework.boot.SpringApplication.callRunner(SpringApplication.java:782)
	at org.springframework.boot.SpringApplication.callRunners(SpringApplication.java:763)
	at org.springframework.boot.SpringApplication.run(SpringApplication.java:318)
	at org.springframework.boot.SpringApplication.run(SpringApplication.java:1213)
	at org.springframework.boot.SpringApplication.run(SpringApplication.java:1202)
	at com.ekoplat.iot.IotApplication.main(IotApplication.java:39)
	at sun.reflect.NativeMethodAccessorImpl.invoke0(Native Method)
	at sun.reflect.NativeMethodAccessorImpl.invoke(NativeMethodAccessorImpl.java:62)
	at sun.reflect.DelegatingMethodAccessorImpl.invoke(DelegatingMethodAccessorImpl.java:43)
	at java.lang.reflect.Method.invoke(Method.java:498)
	at org.springframework.boot.loader.MainMethodRunner.run(MainMethodRunner.java:47)
	at org.springframework.boot.loader.Launcher.launch(Launcher.java:86)
	at org.springframework.boot.loader.Launcher.launch(Launcher.java:50)
	at org.springframework.boot.loader.JarLauncher.main(JarLauncher.java:51)
Caused by: java.lang.NullPointerException: null
	at com.ekoplat.iot.IotApplication.run(IotApplication.java:54)
	at org.springframework.boot.SpringApplication.callRunner(SpringApplication.java:779)
	... 13 common frames omitted
[31m2019-08-08 16:58:17.818[0;39m [34mINFO [0;39m -- [32m[main][0;39m [1;35morg.springframework.integration.mqtt.inbound.MqttPahoMessageDrivenChannelAdapter[0;39m : [36mstopped SubInBound
[0;39m[31m2019-08-08 16:58:17.818[0;39m [34mINFO [0;39m -- [32m[main][0;39m [1;35morg.springframework.integration.gateway.GatewayProxyFactoryBean$MethodInvocationGateway[0;39m : [36mstopped mqttGateway
[0;39m[31m2019-08-08 16:58:17.819[0;39m [34mINFO [0;39m -- [32m[main][0;39m [1;35morg.springframework.integration.gateway.GatewayProxyFactoryBean[0;39m : [36mstopped mqttGateway
[0;39m[31m2019-08-08 16:58:17.819[0;39m [34mINFO [0;39m -- [32m[main][0;39m [1;35morg.springframework.integration.endpoint.EventDrivenConsumer[0;39m : [36mRemoving {logging-channel-adapter:_org.springframework.integration.errorLogger} as a subscriber to the 'errorChannel' channel
[0;39m[31m2019-08-08 16:58:17.820[0;39m [34mINFO [0;39m -- [32m[main][0;39m [1;35morg.springframework.integration.channel.PublishSubscribeChannel[0;39m : [36mChannel 'application.errorChannel' has 0 subscriber(s).
[0;39m[31m2019-08-08 16:58:17.820[0;39m [34mINFO [0;39m -- [32m[main][0;39m [1;35morg.springframework.integration.endpoint.EventDrivenConsumer[0;39m : [36mstopped _org.springframework.integration.errorLogger
[0;39m[31m2019-08-08 16:58:17.821[0;39m [34mINFO [0;39m -- [32m[main][0;39m [1;35morg.springframework.integration.endpoint.EventDrivenConsumer[0;39m : [36mRemoving {message-handler:mqttSenderConfig.mqttOutbound.serviceActivator} as a subscriber to the 'mqttPubOutboundChannel' channel
[0;39m[31m2019-08-08 16:58:17.821[0;39m [34mINFO [0;39m -- [32m[main][0;39m [1;35morg.springframework.integration.channel.DirectChannel[0;39m : [36mChannel 'application.mqttPubOutboundChannel' has 0 subscriber(s).
[0;39m[31m2019-08-08 16:58:17.821[0;39m [34mINFO [0;39m -- [32m[main][0;39m [1;35morg.springframework.integration.endpoint.EventDrivenConsumer[0;39m : [36mstopped mqttSenderConfig.mqttOutbound.serviceActivator
[0;39m[31m2019-08-08 16:58:17.822[0;39m [34mINFO [0;39m -- [32m[main][0;39m [1;35morg.springframework.integration.endpoint.EventDrivenConsumer[0;39m : [36mRemoving {message-handler:mqttReceiveConfig.SubHandler.serviceActivator} as a subscriber to the 'mqttSubInputChannel' channel
[0;39m[31m2019-08-08 16:58:17.822[0;39m [34mINFO [0;39m -- [32m[main][0;39m [1;35morg.springframework.integration.channel.DirectChannel[0;39m : [36mChannel 'application.mqttSubInputChannel' has 0 subscriber(s).
[0;39m[31m2019-08-08 16:58:17.822[0;39m [34mINFO [0;39m -- [32m[main][0;39m [1;35morg.springframework.integration.endpoint.EventDrivenConsumer[0;39m : [36mstopped mqttReceiveConfig.SubHandler.serviceActivator
[0;39m[31m2019-08-08 16:58:17.825[0;39m [34mINFO [0;39m -- [32m[main][0;39m [1;35morg.springframework.scheduling.concurrent.ThreadPoolTaskExecutor[0;39m : [36mShutting down ExecutorService 'applicationTaskExecutor'
[0;39m[31m2019-08-08 16:58:17.828[0;39m [34mINFO [0;39m -- [32m[main][0;39m [1;35morg.springframework.scheduling.concurrent.ThreadPoolTaskScheduler[0;39m : [36mShutting down ExecutorService 'taskScheduler'
[0;39m[31m2019-08-08 16:58:17.828[0;39m [34mINFO [0;39m -- [32m[main][0;39m [1;35morg.springframework.orm.jpa.LocalContainerEntityManagerFactoryBean[0;39m : [36mClosing JPA EntityManagerFactory for persistence unit 'default'
[0;39m[31m2019-08-08 16:58:17.832[0;39m [34mINFO [0;39m -- [32m[main][0;39m [1;35mcom.zaxxer.hikari.HikariDataSource[0;39m : [36mHikariPool-1 - Shutdown initiated...
[0;39m[31m2019-08-08 16:58:17.855[0;39m [34mINFO [0;39m -- [32m[main][0;39m [1;35mcom.zaxxer.hikari.HikariDataSource[0;39m : [36mHikariPool-1 - Shutdown completed.
[0;39m[31m2019-08-08 17:00:17.700[0;39m [34mINFO [0;39m -- [32m[main][0;39m [1;35mcom.ekoplat.iot.IotApplication[0;39m : [36mStarting IotApplication v2.1.6.RELEASE on fujiasendeMacBook-Pro.local with PID 44407 (/Users/kiyoumi/IdeaProjects/iot/target/iot.jar started by kiyoumi in /Users/kiyoumi/IdeaProjects/iot/target)
[0;39m[31m2019-08-08 17:00:17.709[0;39m [34mINFO [0;39m -- [32m[main][0;39m [1;35mcom.ekoplat.iot.IotApplication[0;39m : [36mNo active profile set, falling back to default profiles: default
[0;39m[31m2019-08-08 17:00:19.144[0;39m [34mINFO [0;39m -- [32m[main][0;39m [1;35morg.springframework.data.repository.config.RepositoryConfigurationDelegate[0;39m : [36mMultiple Spring Data modules found, entering strict repository configuration mode!
[0;39m[31m2019-08-08 17:00:19.148[0;39m [34mINFO [0;39m -- [32m[main][0;39m [1;35morg.springframework.data.repository.config.RepositoryConfigurationDelegate[0;39m : [36mBootstrapping Spring Data repositories in DEFAULT mode.
[0;39m[31m2019-08-08 17:00:19.410[0;39m [34mINFO [0;39m -- [32m[main][0;39m [1;35morg.springframework.data.repository.config.RepositoryConfigurationDelegate[0;39m : [36mFinished Spring Data repository scanning in 219ms. Found 2 repository interfaces.
[0;39m[31m2019-08-08 17:00:19.444[0;39m [34mINFO [0;39m -- [32m[main][0;39m [1;35morg.springframework.data.repository.config.RepositoryConfigurationDelegate[0;39m : [36mMultiple Spring Data modules found, entering strict repository configuration mode!
[0;39m[31m2019-08-08 17:00:19.446[0;39m [34mINFO [0;39m -- [32m[main][0;39m [1;35morg.springframework.data.repository.config.RepositoryConfigurationDelegate[0;39m : [36mBootstrapping Spring Data repositories in DEFAULT mode.
[0;39m[31m2019-08-08 17:00:19.490[0;39m [34mINFO [0;39m -- [32m[main][0;39m [1;35morg.springframework.data.repository.config.RepositoryConfigurationExtensionSupport[0;39m : [36mSpring Data Redis - Could not safely identify store assignment for repository candidate interface com.ekoplat.iot.repository.GatewayAndLockRepository.
[0;39m[31m2019-08-08 17:00:19.492[0;39m [34mINFO [0;39m -- [32m[main][0;39m [1;35morg.springframework.data.repository.config.RepositoryConfigurationExtensionSupport[0;39m : [36mSpring Data Redis - Could not safely identify store assignment for repository candidate interface com.ekoplat.iot.repository.PackageRepository.
[0;39m[31m2019-08-08 17:00:19.492[0;39m [34mINFO [0;39m -- [32m[main][0;39m [1;35morg.springframework.data.repository.config.RepositoryConfigurationDelegate[0;39m : [36mFinished Spring Data repository scanning in 22ms. Found 0 repository interfaces.
[0;39m[31m2019-08-08 17:00:20.025[0;39m [34mINFO [0;39m -- [32m[main][0;39m [1;35morg.springframework.integration.config.DefaultConfiguringBeanFactoryPostProcessor[0;39m : [36mNo bean named 'errorChannel' has been explicitly defined. Therefore, a default PublishSubscribeChannel will be created.
[0;39m[31m2019-08-08 17:00:20.043[0;39m [34mINFO [0;39m -- [32m[main][0;39m [1;35morg.springframework.integration.config.DefaultConfiguringBeanFactoryPostProcessor[0;39m : [36mNo bean named 'taskScheduler' has been explicitly defined. Therefore, a default ThreadPoolTaskScheduler will be created.
[0;39m[31m2019-08-08 17:00:20.056[0;39m [34mINFO [0;39m -- [32m[main][0;39m [1;35morg.springframework.integration.config.DefaultConfiguringBeanFactoryPostProcessor[0;39m : [36mNo bean named 'integrationHeaderChannelRegistry' has been explicitly defined. Therefore, a default DefaultHeaderChannelRegistry will be created.
[0;39m[31m2019-08-08 17:00:20.285[0;39m [34mINFO [0;39m -- [32m[main][0;39m [1;35morg.springframework.context.support.PostProcessorRegistrationDelegate$BeanPostProcessorChecker[0;39m : [36mBean 'org.springframework.transaction.annotation.ProxyTransactionManagementConfiguration' of type [org.springframework.transaction.annotation.ProxyTransactionManagementConfiguration$$EnhancerBySpringCGLIB$$d09420b8] is not eligible for getting processed by all BeanPostProcessors (for example: not eligible for auto-proxying)
[0;39m[31m2019-08-08 17:00:20.404[0;39m [34mINFO [0;39m -- [32m[main][0;39m [1;35morg.springframework.context.support.PostProcessorRegistrationDelegate$BeanPostProcessorChecker[0;39m : [36mBean 'spring.redis-org.springframework.boot.autoconfigure.data.redis.RedisProperties' of type [org.springframework.boot.autoconfigure.data.redis.RedisProperties] is not eligible for getting processed by all BeanPostProcessors (for example: not eligible for auto-proxying)
[0;39m[31m2019-08-08 17:00:20.460[0;39m [34mINFO [0;39m -- [32m[main][0;39m [1;35morg.springframework.context.support.PostProcessorRegistrationDelegate$BeanPostProcessorChecker[0;39m : [36mBean 'org.springframework.boot.autoconfigure.data.redis.JedisConnectionConfiguration' of type [org.springframework.boot.autoconfigure.data.redis.JedisConnectionConfiguration$$EnhancerBySpringCGLIB$$71cfd24d] is not eligible for getting processed by all BeanPostProcessors (for example: not eligible for auto-proxying)
[0;39m[31m2019-08-08 17:00:20.681[0;39m [34mINFO [0;39m -- [32m[main][0;39m [1;35morg.springframework.context.support.PostProcessorRegistrationDelegate$BeanPostProcessorChecker[0;39m : [36mBean 'redisConnectionFactory' of type [org.springframework.data.redis.connection.jedis.JedisConnectionFactory] is not eligible for getting processed by all BeanPostProcessors (for example: not eligible for auto-proxying)
[0;39m[31m2019-08-08 17:00:20.767[0;39m [34mINFO [0;39m -- [32m[main][0;39m [1;35morg.springframework.context.support.PostProcessorRegistrationDelegate$BeanPostProcessorChecker[0;39m : [36mBean 'redisConfig' of type [com.ekoplat.iot.config.RedisConfig$$EnhancerBySpringCGLIB$$8cda4dd1] is not eligible for getting processed by all BeanPostProcessors (for example: not eligible for auto-proxying)
[0;39m[31m2019-08-08 17:00:20.829[0;39m [34mINFO [0;39m -- [32m[main][0;39m [1;35morg.springframework.context.support.PostProcessorRegistrationDelegate$BeanPostProcessorChecker[0;39m : [36mBean 'org.springframework.integration.config.IntegrationManagementConfiguration' of type [org.springframework.integration.config.IntegrationManagementConfiguration$$EnhancerBySpringCGLIB$$3b85dbe7] is not eligible for getting processed by all BeanPostProcessors (for example: not eligible for auto-proxying)
[0;39m[31m2019-08-08 17:00:20.864[0;39m [34mINFO [0;39m -- [32m[main][0;39m [1;35morg.springframework.context.support.PostProcessorRegistrationDelegate$BeanPostProcessorChecker[0;39m : [36mBean 'integrationDisposableAutoCreatedBeans' of type [org.springframework.integration.config.annotation.Disposables] is not eligible for getting processed by all BeanPostProcessors (for example: not eligible for auto-proxying)
[0;39m[31m2019-08-08 17:00:21.917[0;39m [34mINFO [0;39m -- [32m[main][0;39m [1;35morg.springframework.boot.web.embedded.tomcat.TomcatWebServer[0;39m : [36mTomcat initialized with port(s): 8888 (http)
[0;39m[31m2019-08-08 17:00:21.969[0;39m [34mINFO [0;39m -- [32m[main][0;39m [1;35morg.apache.coyote.http11.Http11NioProtocol[0;39m : [36mInitializing ProtocolHandler ["http-nio-8888"]
[0;39m[31m2019-08-08 17:00:21.996[0;39m [34mINFO [0;39m -- [32m[main][0;39m [1;35morg.apache.catalina.core.StandardService[0;39m : [36mStarting service [Tomcat]
[0;39m[31m2019-08-08 17:00:21.996[0;39m [34mINFO [0;39m -- [32m[main][0;39m [1;35morg.apache.catalina.core.StandardEngine[0;39m : [36mStarting Servlet engine: [Apache Tomcat/9.0.21]
[0;39m[31m2019-08-08 17:00:22.206[0;39m [34mINFO [0;39m -- [32m[main][0;39m [1;35morg.apache.catalina.core.ContainerBase.[Tomcat].[localhost].[/][0;39m : [36mInitializing Spring embedded WebApplicationContext
[0;39m[31m2019-08-08 17:00:22.208[0;39m [34mINFO [0;39m -- [32m[main][0;39m [1;35morg.springframework.web.context.ContextLoader[0;39m : [36mRoot WebApplicationContext: initialization completed in 4405 ms
[0;39m[31m2019-08-08 17:00:22.589[0;39m [34mINFO [0;39m -- [32m[main][0;39m [1;35mcom.zaxxer.hikari.HikariDataSource[0;39m : [36mHikariPool-1 - Starting...
[0;39m[31m2019-08-08 17:00:22.601[0;39m [31mWARN [0;39m -- [32m[main][0;39m [1;35mcom.zaxxer.hikari.util.DriverDataSource[0;39m : [36mRegistered driver with driverClassName=com.mysql.jdbc.Driver was not found, trying direct instantiation.
[0;39m[31m2019-08-08 17:00:23.016[0;39m [34mINFO [0;39m -- [32m[main][0;39m [1;35mcom.zaxxer.hikari.HikariDataSource[0;39m : [36mHikariPool-1 - Start completed.
[0;39m[31m2019-08-08 17:00:23.295[0;39m [34mINFO [0;39m -- [32m[main][0;39m [1;35morg.hibernate.Version[0;39m : [36mHHH000412: Hibernate Core {5.3.10.Final}
[0;39m[31m2019-08-08 17:00:23.298[0;39m [34mINFO [0;39m -- [32m[main][0;39m [1;35morg.hibernate.cfg.Environment[0;39m : [36mHHH000206: hibernate.properties not found
[0;39m[31m2019-08-08 17:00:23.510[0;39m [34mINFO [0;39m -- [32m[main][0;39m [1;35morg.hibernate.annotations.common.Version[0;39m : [36mHCANN000001: Hibernate Commons Annotations {5.0.4.Final}
[0;39m[31m2019-08-08 17:00:23.936[0;39m [34mINFO [0;39m -- [32m[main][0;39m [1;35morg.hibernate.dialect.Dialect[0;39m : [36mHHH000400: Using dialect: org.hibernate.dialect.MySQL5Dialect
[0;39m[31m2019-08-08 17:00:24.876[0;39m [34mINFO [0;39m -- [32m[main][0;39m [1;35morg.springframework.orm.jpa.LocalContainerEntityManagerFactoryBean[0;39m : [36mInitialized JPA EntityManagerFactory for persistence unit 'default'
[0;39m[31m2019-08-08 17:00:25.057[0;39m [34mINFO [0;39m -- [32m[main][0;39m [1;35morg.springframework.scheduling.concurrent.ThreadPoolTaskScheduler[0;39m : [36mInitializing ExecutorService 'taskScheduler'
[0;39m[31m2019-08-08 17:00:26.026[0;39m [34mINFO [0;39m -- [32m[main][0;39m [1;35mcom.ekoplat.iot.config.RedisConfig[0;39m : [36måˆå§‹åŒ– -> [CacheManager RedisCacheManager Start]
[0;39m[31m2019-08-08 17:00:26.048[0;39m [34mINFO [0;39m -- [32m[main][0;39m [1;35mcom.ekoplat.iot.config.RedisConfig[0;39m : [36måˆå§‹åŒ– -> [Redis CacheErrorHandler]
[0;39m[31m2019-08-08 17:00:26.433[0;39m [34mINFO [0;39m -- [32m[main][0;39m [1;35morg.springframework.scheduling.concurrent.ThreadPoolTaskExecutor[0;39m : [36mInitializing ExecutorService 'applicationTaskExecutor'
[0;39m[31m2019-08-08 17:00:27.378[0;39m [34mINFO [0;39m -- [32m[main][0;39m [1;35morg.springframework.integration.endpoint.EventDrivenConsumer[0;39m : [36mAdding {logging-channel-adapter:_org.springframework.integration.errorLogger} as a subscriber to the 'errorChannel' channel
[0;39m[31m2019-08-08 17:00:27.379[0;39m [34mINFO [0;39m -- [32m[main][0;39m [1;35morg.springframework.integration.channel.PublishSubscribeChannel[0;39m : [36mChannel 'application.errorChannel' has 1 subscriber(s).
[0;39m[31m2019-08-08 17:00:27.380[0;39m [34mINFO [0;39m -- [32m[main][0;39m [1;35morg.springframework.integration.endpoint.EventDrivenConsumer[0;39m : [36mstarted _org.springframework.integration.errorLogger
[0;39m[31m2019-08-08 17:00:27.380[0;39m [34mINFO [0;39m -- [32m[main][0;39m [1;35morg.springframework.integration.endpoint.EventDrivenConsumer[0;39m : [36mAdding {message-handler:mqttSenderConfig.mqttOutbound.serviceActivator} as a subscriber to the 'mqttPubOutboundChannel' channel
[0;39m[31m2019-08-08 17:00:27.380[0;39m [34mINFO [0;39m -- [32m[main][0;39m [1;35morg.springframework.integration.channel.DirectChannel[0;39m : [36mChannel 'application.mqttPubOutboundChannel' has 1 subscriber(s).
[0;39m[31m2019-08-08 17:00:27.380[0;39m [34mINFO [0;39m -- [32m[main][0;39m [1;35morg.springframework.integration.endpoint.EventDrivenConsumer[0;39m : [36mstarted mqttSenderConfig.mqttOutbound.serviceActivator
[0;39m[31m2019-08-08 17:00:27.388[0;39m [34mINFO [0;39m -- [32m[main][0;39m [1;35morg.springframework.integration.endpoint.EventDrivenConsumer[0;39m : [36mAdding {message-handler:mqttReceiveConfig.SubHandler.serviceActivator} as a subscriber to the 'mqttSubInputChannel' channel
[0;39m[31m2019-08-08 17:00:27.390[0;39m [34mINFO [0;39m -- [32m[main][0;39m [1;35morg.springframework.integration.channel.DirectChannel[0;39m : [36mChannel 'application.mqttSubInputChannel' has 1 subscriber(s).
[0;39m[31m2019-08-08 17:00:27.403[0;39m [34mINFO [0;39m -- [32m[main][0;39m [1;35morg.springframework.integration.endpoint.EventDrivenConsumer[0;39m : [36mstarted mqttReceiveConfig.SubHandler.serviceActivator
[0;39m[31m2019-08-08 17:00:27.403[0;39m [34mINFO [0;39m -- [32m[main][0;39m [1;35morg.springframework.integration.gateway.GatewayProxyFactoryBean$MethodInvocationGateway[0;39m : [36mstarted mqttGateway
[0;39m[31m2019-08-08 17:00:27.403[0;39m [34mINFO [0;39m -- [32m[main][0;39m [1;35morg.springframework.integration.gateway.GatewayProxyFactoryBean[0;39m : [36mstarted mqttGateway
[0;39m[31m2019-08-08 17:00:27.518[0;39m [34mINFO [0;39m -- [32m[main][0;39m [1;35morg.springframework.integration.mqtt.inbound.MqttPahoMessageDrivenChannelAdapter[0;39m : [36mstarted SubInBound
[0;39m[31m2019-08-08 17:00:27.556[0;39m [34mINFO [0;39m -- [32m[main][0;39m [1;35morg.apache.coyote.http11.Http11NioProtocol[0;39m : [36mStarting ProtocolHandler ["http-nio-8888"]
[0;39m[31m2019-08-08 17:00:27.628[0;39m [34mINFO [0;39m -- [32m[main][0;39m [1;35morg.springframework.boot.web.embedded.tomcat.TomcatWebServer[0;39m : [36mTomcat started on port(s): 8888 (http) with context path ''
[0;39m[31m2019-08-08 17:00:27.636[0;39m [34mINFO [0;39m -- [32m[main][0;39m [1;35mcom.ekoplat.iot.IotApplication[0;39m : [36mStarted IotApplication in 10.911 seconds (JVM running for 11.552)
[0;39m[31m2019-08-08 17:00:27.794[0;39m [34mINFO [0;39m -- [32m[main][0;39m [1;35mcom.ekoplat.iot.server.NettyServer[0;39m : [36mNetty server listening 0.0.0.0 on port 10101 and ready for connections...
[0;39m[31m2019-08-08 17:00:40.606[0;39m [34mINFO [0;39m -- [32m[nioEventLoopGroup-3-1][0;39m [1;35mcom.ekoplat.iot.server.handler.ServerHandler[0;39m : [36mã€è®¾å¤‡å»ºç«‹è¿žæŽ¥ã€‘ip:127.0.0.1
[0;39m[31m2019-08-08 17:01:38.965[0;39m [34mINFO [0;39m -- [32m[http-nio-8888-exec-1][0;39m [1;35morg.apache.catalina.core.ContainerBase.[Tomcat].[localhost].[/][0;39m : [36mInitializing Spring DispatcherServlet 'dispatcherServlet'
[0;39m[31m2019-08-08 17:01:38.966[0;39m [34mINFO [0;39m -- [32m[http-nio-8888-exec-1][0;39m [1;35morg.springframework.web.servlet.DispatcherServlet[0;39m : [36mInitializing Servlet 'dispatcherServlet'
[0;39m[31m2019-08-08 17:01:38.993[0;39m [34mINFO [0;39m -- [32m[http-nio-8888-exec-1][0;39m [1;35morg.springframework.web.servlet.DispatcherServlet[0;39m : [36mCompleted initialization in 26 ms
[0;39m[31m2019-08-08 17:01:40.535[0;39m [1;31mERROR[0;39m -- [32m[nioEventLoopGroup-3-1][0;39m [1;35mcom.ekoplat.iot.server.handler.ServerHandler[0;39m : [36mã€è®¾å¤‡ç¦»çº¿ã€‘60sæ²¡æœ‰å¿ƒè·³ï¼Œ127.0.0.1ç¦»çº¿
[0;39m[31m2019-08-08 17:02:40.543[0;39m [1;31mERROR[0;39m -- [32m[nioEventLoopGroup-3-1][0;39m [1;35mcom.ekoplat.iot.server.handler.ServerHandler[0;39m : [36mã€è®¾å¤‡ç¦»çº¿ã€‘60sæ²¡æœ‰å¿ƒè·³ï¼Œ127.0.0.1ç¦»çº¿
[0;39m[31m2019-08-08 17:03:40.543[0;39m [1;31mERROR[0;39m -- [32m[nioEventLoopGroup-3-1][0;39m [1;35mcom.ekoplat.iot.server.handler.ServerHandler[0;39m : [36mã€è®¾å¤‡ç¦»çº¿ã€‘60sæ²¡æœ‰å¿ƒè·³ï¼Œ127.0.0.1ç¦»çº¿
[0;39m[31m2019-08-08 17:04:40.546[0;39m [1;31mERROR[0;39m -- [32m[nioEventLoopGroup-3-1][0;39m [1;35mcom.ekoplat.iot.server.handler.ServerHandler[0;39m : [36mã€è®¾å¤‡ç¦»çº¿ã€‘60sæ²¡æœ‰å¿ƒè·³ï¼Œ127.0.0.1ç¦»çº¿
[0;39m[31m2019-08-08 17:05:40.549[0;39m [1;31mERROR[0;39m -- [32m[nioEventLoopGroup-3-1][0;39m [1;35mcom.ekoplat.iot.server.handler.ServerHandler[0;39m : [36mã€è®¾å¤‡ç¦»çº¿ã€‘60sæ²¡æœ‰å¿ƒè·³ï¼Œ127.0.0.1ç¦»çº¿
[0;39m[31m2019-08-08 17:06:40.554[0;39m [1;31mERROR[0;39m -- [32m[nioEventLoopGroup-3-1][0;39m [1;35mcom.ekoplat.iot.server.handler.ServerHandler[0;39m : [36mã€è®¾å¤‡ç¦»çº¿ã€‘60sæ²¡æœ‰å¿ƒè·³ï¼Œ127.0.0.1ç¦»çº¿
[0;39m[31m2019-08-08 17:07:40.557[0;39m [1;31mERROR[0;39m -- [32m[nioEventLoopGroup-3-1][0;39m [1;35mcom.ekoplat.iot.server.handler.ServerHandler[0;39m : [36mã€è®¾å¤‡ç¦»çº¿ã€‘60sæ²¡æœ‰å¿ƒè·³ï¼Œ127.0.0.1ç¦»çº¿
[0;39m[31m2019-08-08 17:08:40.560[0;39m [1;31mERROR[0;39m -- [32m[nioEventLoopGroup-3-1][0;39m [1;35mcom.ekoplat.iot.server.handler.ServerHandler[0;39m : [36mã€è®¾å¤‡ç¦»çº¿ã€‘60sæ²¡æœ‰å¿ƒè·³ï¼Œ127.0.0.1ç¦»çº¿
[0;39m[31m2019-08-08 17:09:40.567[0;39m [1;31mERROR[0;39m -- [32m[nioEventLoopGroup-3-1][0;39m [1;35mcom.ekoplat.iot.server.handler.ServerHandler[0;39m : [36mã€è®¾å¤‡ç¦»çº¿ã€‘60sæ²¡æœ‰å¿ƒè·³ï¼Œ127.0.0.1ç¦»çº¿
[0;39m[31m2019-08-08 17:10:40.572[0;39m [1;31mERROR[0;39m -- [32m[nioEventLoopGroup-3-1][0;39m [1;35mcom.ekoplat.iot.server.handler.ServerHandler[0;39m : [36mã€è®¾å¤‡ç¦»çº¿ã€‘60sæ²¡æœ‰å¿ƒè·³ï¼Œ127.0.0.1ç¦»çº¿
[0;39m[31m2019-08-08 17:11:40.577[0;39m [1;31mERROR[0;39m -- [32m[nioEventLoopGroup-3-1][0;39m [1;35mcom.ekoplat.iot.server.handler.ServerHandler[0;39m : [36mã€è®¾å¤‡ç¦»çº¿ã€‘60sæ²¡æœ‰å¿ƒè·³ï¼Œ127.0.0.1ç¦»çº¿
[0;39m[31m2019-08-08 17:12:11.618[0;39m [34mINFO [0;39m -- [32m[Thread-5][0;39m [1;35mcom.ekoplat.iot.server.NettyServer[0;39m : [36mShutdown Netty Server...
[0;39m[31m2019-08-08 17:12:13.700[0;39m [34mINFO [0;39m -- [32m[Thread-4][0;39m [1;35morg.springframework.integration.mqtt.inbound.MqttPahoMessageDrivenChannelAdapter[0;39m : [36mstopped SubInBound
[0;39m[31m2019-08-08 17:12:14.832[0;39m [34mINFO [0;39m -- [32m[Thread-4][0;39m [1;35morg.springframework.integration.gateway.GatewayProxyFactoryBean$MethodInvocationGateway[0;39m : [36mstopped mqttGateway
[0;39m[31m2019-08-08 17:12:14.840[0;39m [34mINFO [0;39m -- [32m[Thread-4][0;39m [1;35morg.springframework.integration.gateway.GatewayProxyFactoryBean[0;39m : [36mstopped mqttGateway
[0;39m[31m2019-08-08 17:12:14.846[0;39m [34mINFO [0;39m -- [32m[Thread-4][0;39m [1;35morg.springframework.integration.endpoint.EventDrivenConsumer[0;39m : [36mRemoving {logging-channel-adapter:_org.springframework.integration.errorLogger} as a subscriber to the 'errorChannel' channel
[0;39m[31m2019-08-08 17:12:14.850[0;39m [34mINFO [0;39m -- [32m[Thread-4][0;39m [1;35morg.springframework.integration.channel.PublishSubscribeChannel[0;39m : [36mChannel 'application.errorChannel' has 0 subscriber(s).
[0;39m[31m2019-08-08 17:12:14.925[0;39m [34mINFO [0;39m -- [32m[Thread-4][0;39m [1;35morg.springframework.integration.endpoint.EventDrivenConsumer[0;39m : [36mstopped _org.springframework.integration.errorLogger
[0;39m[31m2019-08-08 17:12:15.000[0;39m [34mINFO [0;39m -- [32m[Thread-4][0;39m [1;35morg.springframework.integration.endpoint.EventDrivenConsumer[0;39m : [36mRemoving {message-handler:mqttSenderConfig.mqttOutbound.serviceActivator} as a subscriber to the 'mqttPubOutboundChannel' channel
[0;39m[31m2019-08-08 17:12:15.019[0;39m [34mINFO [0;39m -- [32m[Thread-4][0;39m [1;35morg.springframework.integration.channel.DirectChannel[0;39m : [36mChannel 'application.mqttPubOutboundChannel' has 0 subscriber(s).
[0;39m[31m2019-08-08 17:12:15.052[0;39m [34mINFO [0;39m -- [32m[Thread-4][0;39m [1;35morg.springframework.integration.endpoint.EventDrivenConsumer[0;39m : [36mstopped mqttSenderConfig.mqttOutbound.serviceActivator
[0;39m[31m2019-08-08 17:12:15.054[0;39m [34mINFO [0;39m -- [32m[Thread-4][0;39m [1;35morg.springframework.integration.endpoint.EventDrivenConsumer[0;39m : [36mRemoving {message-handler:mqttReceiveConfig.SubHandler.serviceActivator} as a subscriber to the 'mqttSubInputChannel' channel
[0;39m[31m2019-08-08 17:12:15.055[0;39m [34mINFO [0;39m -- [32m[Thread-4][0;39m [1;35morg.springframework.integration.channel.DirectChannel[0;39m : [36mChannel 'application.mqttSubInputChannel' has 0 subscriber(s).
[0;39m[31m2019-08-08 17:12:15.056[0;39m [34mINFO [0;39m -- [32m[Thread-4][0;39m [1;35morg.springframework.integration.endpoint.EventDrivenConsumer[0;39m : [36mstopped mqttReceiveConfig.SubHandler.serviceActivator
[0;39m[31m2019-08-08 17:12:15.084[0;39m [34mINFO [0;39m -- [32m[Thread-4][0;39m [1;35morg.springframework.scheduling.concurrent.ThreadPoolTaskExecutor[0;39m : [36mShutting down ExecutorService 'applicationTaskExecutor'
[0;39m[31m2019-08-08 17:12:15.095[0;39m [34mINFO [0;39m -- [32m[Thread-4][0;39m [1;35morg.springframework.scheduling.concurrent.ThreadPoolTaskScheduler[0;39m : [36mShutting down ExecutorService 'taskScheduler'
[0;39m[31m2019-08-08 17:12:15.095[0;39m [34mINFO [0;39m -- [32m[Thread-4][0;39m [1;35morg.springframework.orm.jpa.LocalContainerEntityManagerFactoryBean[0;39m : [36mClosing JPA EntityManagerFactory for persistence unit 'default'
[0;39m[31m2019-08-08 17:20:09.069[0;39m [34mINFO [0;39m -- [32m[Thread-5][0;39m [1;35mcom.ekoplat.iot.server.NettyServer[0;39m : [36mShutdown Netty Server...
[0;39m